<?xml version="1.0" encoding="UTF-8"?>
<!-- Generated by org.testng.reporters.JUnitReportReporter -->
<testsuite hostname="waheguru" name="com.yelp.TestCasesYelp" tests="1" failures="0" timestamp="7 Feb 2017 18:07:01 GMT" time="37.625" errors="0">
  <testcase name="Test_A" time="37.625" classname="com.yelp.TestCasesYelp"/>
</testsuite> <!-- com.yelp.TestCasesYelp -->
